05-04 08:55:20 replicate_layout.action_replicate_layout 305:Plugin executed on: 'win32'
05-04 08:55:20 replicate_layout.action_replicate_layout 306:Plugin executed with python version: '2.7.18 (default, Apr 20 2020, 16:57:11)  [GCC 9.3.0 64 bit (AMD64)]'
05-04 08:55:20 replicate_layout.action_replicate_layout 307:KiCad build version: (5.1.9)-1
05-04 08:55:20 replicate_layout.action_replicate_layout 308:Replicate layout plugin version: 70 started
05-04 08:55:20 replicate_layout.action_replicate_layout 340:Preparing replicator with U301 as a reference
05-04 08:55:20 replicate_layout.replicatelayout 215:getting project hierarchy from schematics
05-04 08:55:20 replicate_layout.replicatelayout 217:Project hierarchy looks like:
{u'608541DB': [u'Balance3', u'D:\\Stack\\HobbyTechniek\\Projecten\\BMS\\1\\Hardware\\GatzBMS\\Balance.sch'], u'60847557': [u'BatteryPowerControl', u'D:\\Stack\\HobbyTechniek\\Projecten\\BMS\\1\\Hardware\\GatzBMS\\BatteryPowerControl.sch'], u'608367CF': [u'MicrocontrollerNRF52', u'D:\\Stack\\HobbyTechniek\\Projecten\\BMS\\1\\Hardware\\GatzBMS\\MicrocontrollerNRF52.sch'], u'6084D2D8': [u'Balance2', u'D:\\Stack\\HobbyTechniek\\Projecten\\BMS\\1\\Hardware\\GatzBMS\\Balance.sch'], u'6086FEFF': [u'Balance7', u'D:\\Stack\\HobbyTechniek\\Projecten\\BMS\\1\\Hardware\\GatzBMS\\Balance.sch'], u'60868FC4': [u'Balance6', u'D:\\Stack\\HobbyTechniek\\Projecten\\BMS\\1\\Hardware\\GatzBMS\\Balance.sch'], u'60876DFE': [u'Balance8', u'D:\\Stack\\HobbyTechniek\\Projecten\\BMS\\1\\Hardware\\GatzBMS\\Balance.sch'], u'60884BDC': [u'Balance10', u'D:\\Stack\\HobbyTechniek\\Projecten\\BMS\\1\\Hardware\\GatzBMS\\Balance.sch'], u'6085B0D6': [u'Balance4', u'D:\\Stack\\HobbyTechniek\\Projecten\\BMS\\1\\Hardware\\GatzBMS\\Balance.sch'], u'6087DCE1': [u'Balance9', u'D:\\Stack\\HobbyTechniek\\Projecten\\BMS\\1\\Hardware\\GatzBMS\\Balance.sch'], u'60861FC9': [u'Balance5', u'D:\\Stack\\HobbyTechniek\\Projecten\\BMS\\1\\Hardware\\GatzBMS\\Balance.sch'], u'607B2503': [u'Balance1', u'D:\\Stack\\HobbyTechniek\\Projecten\\BMS\\1\\Hardware\\GatzBMS\\Balance.sch']}
05-04 08:55:20 replicate_layout.replicatelayout 225:getting a list of all footprints on board
05-04 08:55:20 replicate_layout.action_replicate_layout 367:source anchor footprint is u'U301'
Located on:[u'Balance2']
With filenames:[u'Balance.sch']
With sheet_id:[u'Balance2']
05-04 08:55:20 replicate_layout.action_replicate_layout 371:Corresponding footprints are 
[(u'U1101', [u'Balance10']), (u'U1001', [u'Balance9']), (u'U901', [u'Balance8']), (u'U801', [u'Balance7']), (u'U701', [u'Balance6']), (u'U601', [u'Balance5']), (u'U501', [u'Balance4']), (u'U401', [u'Balance3']), (u'U301', [u'Balance2']), (u'U201', [u'Balance1'])]
05-04 08:55:20 replicate_layout.action_replicate_layout 384:Showing dialog
05-04 08:55:20 replicate_layout.action_replicate_layout 388:Pcbnew position: wx.Point(-8, -8)
05-04 08:55:20 replicate_layout.action_replicate_layout 394:Display 0: wx.Rect(0, 0, 1920, 1080)
05-04 08:55:20 replicate_layout.action_replicate_layout 398:Toolbar position: wx.Point(1722, 115)
05-04 08:55:20 replicate_layout.action_replicate_layout 405:Dialog position: wx.Point(1409, 115)
05-04 08:55:23 replicate_layout.replicatelayout 249:construcing a list of sheets suitable for replication on level:u'Balance2', file:u'Balance.sch'
05-04 08:55:23 replicate_layout.replicatelayout 256:Source sheet path up to the level:[u'Balance2']
05-04 08:55:23 replicate_layout.replicatelayout 260:Footprints on the sheets:
[u'U1101', u'U1001', u'U901', u'U801', u'U701', u'U601', u'U501', u'U401', u'U301', u'U201']
05-04 08:55:23 replicate_layout.replicatelayout 263:Footprints raw sheet ids:
[u'/60884BDC/607B907F', u'/6087DCE1/607B907F', u'/60876DFE/607B907F', u'/6086FEFF/607B907F', u'/60868FC4/607B907F', u'/60861FC9/607B907F', u'/6085B0D6/607B907F', u'/608541DB/607B907F', u'/6084D2D8/607B907F', u'/607B2503/607B907F']
05-04 08:55:23 replicate_layout.replicatelayout 279:All sheets to replicate:
[[u'Balance10'], [u'Balance9'], [u'Balance8'], [u'Balance7'], [u'Balance6'], [u'Balance5'], [u'Balance4'], [u'Balance3'], [u'Balance2'], [u'Balance1']]
05-04 08:55:23 replicate_layout.replicatelayout 284:All sheets to replicate sorted:
[[u'Balance1'], [u'Balance10'], [u'Balance2'], [u'Balance3'], [u'Balance4'], [u'Balance5'], [u'Balance6'], [u'Balance7'], [u'Balance8'], [u'Balance9']]
05-04 08:55:23 replicate_layout.replicatelayout 290:All sheets to replicate sorted and without source sheet:
[[u'Balance1'], [u'Balance10'], [u'Balance3'], [u'Balance4'], [u'Balance5'], [u'Balance6'], [u'Balance7'], [u'Balance8'], [u'Balance9']]
05-04 08:55:29 replicate_layout.replicatelayout 249:construcing a list of sheets suitable for replication on level:u'Balance2', file:u'Balance.sch'
05-04 08:55:29 replicate_layout.replicatelayout 256:Source sheet path up to the level:[u'Balance2']
05-04 08:55:29 replicate_layout.replicatelayout 260:Footprints on the sheets:
[u'U1101', u'U1001', u'U901', u'U801', u'U701', u'U601', u'U501', u'U401', u'U301', u'U201']
05-04 08:55:29 replicate_layout.replicatelayout 263:Footprints raw sheet ids:
[u'/60884BDC/607B907F', u'/6087DCE1/607B907F', u'/60876DFE/607B907F', u'/6086FEFF/607B907F', u'/60868FC4/607B907F', u'/60861FC9/607B907F', u'/6085B0D6/607B907F', u'/608541DB/607B907F', u'/6084D2D8/607B907F', u'/607B2503/607B907F']
05-04 08:55:29 replicate_layout.replicatelayout 279:All sheets to replicate:
[[u'Balance10'], [u'Balance9'], [u'Balance8'], [u'Balance7'], [u'Balance6'], [u'Balance5'], [u'Balance4'], [u'Balance3'], [u'Balance2'], [u'Balance1']]
05-04 08:55:29 replicate_layout.replicatelayout 284:All sheets to replicate sorted:
[[u'Balance1'], [u'Balance10'], [u'Balance2'], [u'Balance3'], [u'Balance4'], [u'Balance5'], [u'Balance6'], [u'Balance7'], [u'Balance8'], [u'Balance9']]
05-04 08:55:29 replicate_layout.replicatelayout 290:All sheets to replicate sorted and without source sheet:
[[u'Balance1'], [u'Balance10'], [u'Balance3'], [u'Balance4'], [u'Balance5'], [u'Balance6'], [u'Balance7'], [u'Balance8'], [u'Balance9']]
05-04 08:55:29 replicate_layout.action_replicate_layout 179:Replicating layout
05-04 08:55:29 replicate_layout.replicatelayout 994:Starting replication of sheets: [[u'Balance1'], [u'Balance10'], [u'Balance3'], [u'Balance4'], [u'Balance5'], [u'Balance6'], [u'Balance7'], [u'Balance8'], [u'Balance9']]
on level: [u'Balance2']
with tracks=True, zone=True, text=True, containing=True, remove=True, locked=False
05-04 08:55:29 root 261:updating GUI message: 'Preparing for replication'
05-04 08:55:29 root 266:updating GUI with: 0
05-04 08:55:29 replicate_layout.replicatelayout 556:Getting the list of source footprints
05-04 08:55:29 replicate_layout.replicatelayout 560:Getting the list of all the remaining footprints
05-04 08:55:29 replicate_layout.replicatelayout 564:Getting nets local to source footprints
05-04 08:55:29 replicate_layout.replicatelayout 568:Getting source bounding box
05-04 08:55:29 root 266:updating GUI with: 37
05-04 08:55:29 replicate_layout.replicatelayout 572:Getting source tracks
05-04 08:55:29 replicate_layout.replicatelayout 576:Getting source zones
05-04 08:55:29 root 266:updating GUI with: 62
05-04 08:55:29 replicate_layout.replicatelayout 580:Getting source text items
05-04 08:55:29 replicate_layout.replicatelayout 584:Getting source text items
05-04 08:55:29 replicate_layout.replicatelayout 1022:Removing tracks and zones, before module placement
05-04 08:55:29 root 261:updating GUI message: 'Removing zones and tracks'
05-04 08:55:29 root 266:updating GUI with: 11
05-04 08:55:29 root 266:updating GUI with: 22
05-04 08:55:29 root 266:updating GUI with: 33
05-04 08:55:29 root 266:updating GUI with: 44
05-04 08:55:29 root 266:updating GUI with: 55
05-04 08:55:29 root 266:updating GUI with: 66
05-04 08:55:29 root 266:updating GUI with: 77
05-04 08:55:29 root 266:updating GUI with: 88
05-04 08:55:29 root 261:updating GUI message: 'Replicating footprints'
05-04 08:55:29 root 266:updating GUI with: 0
05-04 08:55:29 replicate_layout.replicatelayout 590:Replicating footprints
05-04 08:55:29 replicate_layout.replicatelayout 596:Replicating footprints on sheet [u'Balance1']
05-04 08:55:29 root 266:updating GUI with: 4
05-04 08:55:29 replicate_layout.replicatelayout 596:Replicating footprints on sheet [u'Balance10']
05-04 08:55:29 root 266:updating GUI with: 13
05-04 08:55:29 root 266:updating GUI with: 21
05-04 08:55:29 replicate_layout.replicatelayout 596:Replicating footprints on sheet [u'Balance3']
05-04 08:55:29 root 266:updating GUI with: 30
05-04 08:55:29 replicate_layout.replicatelayout 596:Replicating footprints on sheet [u'Balance4']
05-04 08:55:29 root 266:updating GUI with: 38
05-04 08:55:29 replicate_layout.replicatelayout 596:Replicating footprints on sheet [u'Balance5']
05-04 08:55:29 root 266:updating GUI with: 46
05-04 08:55:29 root 266:updating GUI with: 54
05-04 08:55:29 replicate_layout.replicatelayout 596:Replicating footprints on sheet [u'Balance6']
05-04 08:55:29 root 266:updating GUI with: 63
05-04 08:55:29 replicate_layout.replicatelayout 596:Replicating footprints on sheet [u'Balance7']
05-04 08:55:29 root 266:updating GUI with: 71
05-04 08:55:29 replicate_layout.replicatelayout 596:Replicating footprints on sheet [u'Balance8']
05-04 08:55:29 root 266:updating GUI with: 79
05-04 08:55:29 root 266:updating GUI with: 87
05-04 08:55:29 replicate_layout.replicatelayout 596:Replicating footprints on sheet [u'Balance9']
05-04 08:55:29 root 266:updating GUI with: 96
05-04 08:55:29 replicate_layout.replicatelayout 1030:Removing tracks and zones, after module placement
05-04 08:55:29 root 261:updating GUI message: 'Removing zones and tracks'
05-04 08:55:29 root 266:updating GUI with: 11
05-04 08:55:29 root 266:updating GUI with: 22
05-04 08:55:29 root 266:updating GUI with: 33
05-04 08:55:29 root 266:updating GUI with: 44
05-04 08:55:29 root 266:updating GUI with: 55
05-04 08:55:29 root 266:updating GUI with: 66
05-04 08:55:29 root 266:updating GUI with: 77
05-04 08:55:30 root 266:updating GUI with: 88
05-04 08:55:30 root 261:updating GUI message: 'Replicating tracks'
05-04 08:55:30 root 266:updating GUI with: 0
05-04 08:55:30 replicate_layout.replicatelayout 720:Replicating tracks
05-04 08:55:30 replicate_layout.replicatelayout 726:Replicating tracks on sheet [u'Balance1']
05-04 08:55:30 root 266:updating GUI with: 0
05-04 08:55:30 replicate_layout.replicatelayout 726:Replicating tracks on sheet [u'Balance10']
05-04 08:55:30 replicate_layout.replicatelayout 726:Replicating tracks on sheet [u'Balance3']
05-04 08:55:30 root 266:updating GUI with: 22
05-04 08:55:30 replicate_layout.replicatelayout 726:Replicating tracks on sheet [u'Balance4']
05-04 08:55:30 replicate_layout.replicatelayout 726:Replicating tracks on sheet [u'Balance5']
05-04 08:55:30 root 266:updating GUI with: 44
05-04 08:55:30 replicate_layout.replicatelayout 726:Replicating tracks on sheet [u'Balance6']
05-04 08:55:30 root 266:updating GUI with: 55
05-04 08:55:30 replicate_layout.replicatelayout 726:Replicating tracks on sheet [u'Balance7']
05-04 08:55:30 replicate_layout.replicatelayout 726:Replicating tracks on sheet [u'Balance8']
05-04 08:55:30 root 266:updating GUI with: 77
05-04 08:55:30 replicate_layout.replicatelayout 726:Replicating tracks on sheet [u'Balance9']
05-04 08:55:30 root 266:updating GUI with: 92
05-04 08:55:30 root 261:updating GUI message: 'Replicating zones'
05-04 08:55:30 replicate_layout.replicatelayout 771:Replicating zones
05-04 08:55:30 replicate_layout.replicatelayout 778:Replicating zones on sheet [u'Balance1']
05-04 08:55:30 replicate_layout.replicatelayout 778:Replicating zones on sheet [u'Balance10']
05-04 08:55:30 root 266:updating GUI with: 22
05-04 08:55:30 replicate_layout.replicatelayout 778:Replicating zones on sheet [u'Balance3']
05-04 08:55:30 replicate_layout.replicatelayout 778:Replicating zones on sheet [u'Balance4']
05-04 08:55:30 root 266:updating GUI with: 44
05-04 08:55:30 replicate_layout.replicatelayout 778:Replicating zones on sheet [u'Balance5']
05-04 08:55:30 replicate_layout.replicatelayout 778:Replicating zones on sheet [u'Balance6']
05-04 08:55:30 root 266:updating GUI with: 66
05-04 08:55:30 replicate_layout.replicatelayout 778:Replicating zones on sheet [u'Balance7']
05-04 08:55:30 replicate_layout.replicatelayout 778:Replicating zones on sheet [u'Balance8']
05-04 08:55:30 root 266:updating GUI with: 88
05-04 08:55:30 replicate_layout.replicatelayout 778:Replicating zones on sheet [u'Balance9']
05-04 08:55:30 root 261:updating GUI message: 'Replicating text'
05-04 08:55:30 replicate_layout.replicatelayout 837:Replicating text
05-04 08:55:30 replicate_layout.replicatelayout 844:Replicating text on sheet [u'Balance1']
05-04 08:55:30 replicate_layout.replicatelayout 844:Replicating text on sheet [u'Balance10']
05-04 08:55:30 replicate_layout.replicatelayout 844:Replicating text on sheet [u'Balance3']
05-04 08:55:30 replicate_layout.replicatelayout 844:Replicating text on sheet [u'Balance4']
05-04 08:55:30 replicate_layout.replicatelayout 844:Replicating text on sheet [u'Balance5']
05-04 08:55:30 replicate_layout.replicatelayout 844:Replicating text on sheet [u'Balance6']
05-04 08:55:30 replicate_layout.replicatelayout 844:Replicating text on sheet [u'Balance7']
05-04 08:55:30 replicate_layout.replicatelayout 844:Replicating text on sheet [u'Balance8']
05-04 08:55:30 replicate_layout.replicatelayout 844:Replicating text on sheet [u'Balance9']
05-04 08:55:30 root 261:updating GUI message: 'Replicating drawings'
05-04 08:55:30 replicate_layout.replicatelayout 868:Replicating drawings
05-04 08:55:30 replicate_layout.replicatelayout 874:Replicating drawings on sheet [u'Balance1']
05-04 08:55:30 replicate_layout.replicatelayout 874:Replicating drawings on sheet [u'Balance10']
05-04 08:55:30 replicate_layout.replicatelayout 874:Replicating drawings on sheet [u'Balance3']
05-04 08:55:30 replicate_layout.replicatelayout 874:Replicating drawings on sheet [u'Balance4']
05-04 08:55:30 replicate_layout.replicatelayout 874:Replicating drawings on sheet [u'Balance5']
05-04 08:55:30 replicate_layout.replicatelayout 874:Replicating drawings on sheet [u'Balance6']
05-04 08:55:30 replicate_layout.replicatelayout 874:Replicating drawings on sheet [u'Balance7']
05-04 08:55:30 replicate_layout.replicatelayout 874:Replicating drawings on sheet [u'Balance8']
05-04 08:55:30 replicate_layout.replicatelayout 874:Replicating drawings on sheet [u'Balance9']
05-04 08:55:30 replicate_layout.action_replicate_layout 201:Replication complete
